<?xml version="1.0" encoding="UTF-8"?>
<testng-results skipped="0" failed="0" ignored="0" total="1" passed="1">
  <reporter-output>
  </reporter-output>
  <suite name="Default suite" duration-ms="16708" started-at="2020-07-29T17:35:11 IST" finished-at="2020-07-29T17:35:28 IST">
    <groups>
    </groups>
    <test name="Default test" duration-ms="16708" started-at="2020-07-29T17:35:11 IST" finished-at="2020-07-29T17:35:28 IST">
      <class name="listofwebelement.listofwebelements.Testirctclogin">
        <test-method status="PASS" signature="login()[pri:0, instance:listofwebelement.listofwebelements.Testirctclogin@50b494a6]" name="login" duration-ms="16625" started-at="2020-07-29T17:35:11 IST" finished-at="2020-07-29T17:35:28 IST">
          <reporter-output>
          </reporter-output>
        </test-method> <!-- login -->
      </class> <!-- listofwebelement.listofwebelements.Testirctclogin -->
    </test> <!-- Default test -->
  </suite> <!-- Default suite -->
</testng-results>
